app/build/intermediates/manifest_merge_blame_file/release/manifest-merger-blame-release-report.txt
1<?xml version="1.0" encoding="utf-8"?>
2<!--
3 Copyright (c) 2010-2011, The MiCode Open Source Community (www.micode.net)
4
5     Licensed under the Apache License, Version 2.0 (the "License");
6     you may not use this file except in compliance with the License.
7     You may obtain a copy of the License at
8
9          http://www.apache.org/licenses/LICENSE-2.0
10
11     Unless required by applicable law or agreed to in writing, software
12     distributed under the License is distributed on an "AS IS" BASIS,
13     WITHOUT WARRANTIES OR CONDITIONS OF ANY KIND, either express or implied.
14     See the License for the specific language governing permissions and
15     limitations under the License.
16-->
17<manifest xmlns:android="http://schemas.android.com/apk/res/android"
18    package="net.micode.notes"
19    android:versionCode="1"
20    android:versionName="0.1" >
21
22    <uses-sdk
22-->src\main\AndroidManifest.xml:23:5-44
23        android:minSdkVersion="14"
23-->src\main\AndroidManifest.xml:23:15-41
24        android:targetSdkVersion="29" />
24-->src\main\AndroidManifest.xml:23:5-44
25
26    <uses-permission android:name="android.permission.WRITE_EXTERNAL_STORAGE" />
26-->src\main\AndroidManifest.xml:25:5-81
26-->src\main\AndroidManifest.xml:25:22-78
27    <uses-permission android:name="com.android.launcher.permission.INSTALL_SHORTCUT" />
27-->src\main\AndroidManifest.xml:26:5-88
27-->src\main\AndroidManifest.xml:26:22-85
28
29    <application
29-->src\main\AndroidManifest.xml:28:5-95:19
30        android:name="net.micode.notes.app.NotesApp"
30-->src\main\AndroidManifest.xml:32:9-53
31        android:appComponentFactory="androidx.core.app.CoreComponentFactory"
31-->[androidx.core:core:1.3.2] AndroidManifest.xml:24:18-86
32        android:icon="@drawable/icon_app"
32-->src\main\AndroidManifest.xml:29:9-42
33        android:label="@string/app_name"
33-->src\main\AndroidManifest.xml:30:9-41
34        android:usesCleartextTraffic="true" >
34-->src\main\AndroidManifest.xml:31:9-44
35        <uses-library
35-->src\main\AndroidManifest.xml:34:9-87
36            android:name="org.apache.http.legacy"
36-->src\main\AndroidManifest.xml:34:23-60
37            android:required="false" />
37-->src\main\AndroidManifest.xml:34:61-85
38
39        <activity
39-->src\main\AndroidManifest.xml:36:9-48:20
40            android:name="net.micode.notes.ui.NotesListActivity"
40-->src\main\AndroidManifest.xml:37:13-49
41            android:configChanges="keyboardHidden|orientation|screenSize"
41-->src\main\AndroidManifest.xml:38:13-74
42            android:label="@string/app_name"
42-->src\main\AndroidManifest.xml:39:13-45
43            android:launchMode="singleTop"
43-->src\main\AndroidManifest.xml:40:13-43
44            android:theme="@style/NoteTheme"
44-->src\main\AndroidManifest.xml:41:13-45
45            android:windowSoftInputMode="adjustPan" >
45-->src\main\AndroidManifest.xml:42:13-52
46            <intent-filter>
46-->src\main\AndroidManifest.xml:44:13-47:29
47                <action android:name="android.intent.action.MAIN" />
47-->src\main\AndroidManifest.xml:45:17-69
47-->src\main\AndroidManifest.xml:45:25-66
48
49                <category android:name="android.intent.category.LAUNCHER" />
49-->src\main\AndroidManifest.xml:46:17-77
49-->src\main\AndroidManifest.xml:46:27-74
50            </intent-filter>
51        </activity>
52        <activity
52-->src\main\AndroidManifest.xml:50:9-78:20
53            android:name="net.micode.notes.ui.NoteEditActivity"
53-->src\main\AndroidManifest.xml:51:13-48
54            android:configChanges="keyboardHidden|orientation|screenSize"
54-->src\main\AndroidManifest.xml:52:13-74
55            android:launchMode="singleTop"
55-->src\main\AndroidManifest.xml:53:13-43
56            android:theme="@style/NoteTheme" >
56-->src\main\AndroidManifest.xml:54:13-45
57            <intent-filter>
57-->src\main\AndroidManifest.xml:56:13-61:29
58                <action android:name="android.intent.action.VIEW" />
58-->src\main\AndroidManifest.xml:57:17-69
58-->src\main\AndroidManifest.xml:57:25-66
59
60                <category android:name="android.intent.category.DEFAULT" />
60-->src\main\AndroidManifest.xml:58:17-76
60-->src\main\AndroidManifest.xml:58:27-73
61
62                <data android:mimeType="vnd.android.cursor.item/text_note" />
62-->src\main\AndroidManifest.xml:59:17-78
62-->src\main\AndroidManifest.xml:59:23-75
63                <data android:mimeType="vnd.android.cursor.item/call_note" />
63-->src\main\AndroidManifest.xml:59:17-78
63-->src\main\AndroidManifest.xml:59:23-75
64            </intent-filter>
65            <intent-filter>
65-->src\main\AndroidManifest.xml:63:13-68:29
66                <action android:name="android.intent.action.INSERT_OR_EDIT" />
66-->src\main\AndroidManifest.xml:64:17-79
66-->src\main\AndroidManifest.xml:64:25-76
67
68                <category android:name="android.intent.category.DEFAULT" />
68-->src\main\AndroidManifest.xml:58:17-76
68-->src\main\AndroidManifest.xml:58:27-73
69
70                <data android:mimeType="vnd.android.cursor.item/text_note" />
70-->src\main\AndroidManifest.xml:59:17-78
70-->src\main\AndroidManifest.xml:59:23-75
71                <data android:mimeType="vnd.android.cursor.item/call_note" />
71-->src\main\AndroidManifest.xml:59:17-78
71-->src\main\AndroidManifest.xml:59:23-75
72            </intent-filter>
73            <intent-filter>
73-->src\main\AndroidManifest.xml:70:13-73:29
74                <action android:name="android.intent.action.SEARCH" />
74-->src\main\AndroidManifest.xml:71:17-71
74-->src\main\AndroidManifest.xml:71:25-68
75
76                <category android:name="android.intent.category.DEFAULT" />
76-->src\main\AndroidManifest.xml:58:17-76
76-->src\main\AndroidManifest.xml:58:27-73
77            </intent-filter>
78
79            <meta-data
79-->src\main\AndroidManifest.xml:75:13-77:54
80                android:name="android.app.searchable"
80-->src\main\AndroidManifest.xml:76:17-54
81                android:resource="@xml/searchable" />
81-->src\main\AndroidManifest.xml:77:17-51
82        </activity>
83
84        <provider
84-->src\main\AndroidManifest.xml:80:9-83:43
85            android:name="net.micode.notes.data.NotesProvider"
85-->src\main\AndroidManifest.xml:81:13-63
86            android:authorities="micode_notes"
86-->src\main\AndroidManifest.xml:82:13-47
87            android:multiprocess="true" />
87-->src\main\AndroidManifest.xml:83:13-40
88
89        <activity
89-->src\main\AndroidManifest.xml:85:9-90:20
90            android:name="net.micode.notes.ui.NotesPreferenceActivity"
90-->src\main\AndroidManifest.xml:86:13-71
91            android:label="@string/preferences_title"
91-->src\main\AndroidManifest.xml:87:13-54
92            android:launchMode="singleTop"
92-->src\main\AndroidManifest.xml:88:13-43
93            android:theme="@android:style/Theme.Holo.Light" >
93-->src\main\AndroidManifest.xml:89:13-60
94        </activity>
95
96        <meta-data
96-->src\main\AndroidManifest.xml:92:9-94:52
97            android:name="android.app.default_searchable"
97-->src\main\AndroidManifest.xml:93:13-58
98            android:value=".ui.NoteEditActivity" />
98-->src\main\AndroidManifest.xml:94:13-49
99    </application>
100
101</manifest>